

times in msec
 clock   self+sourced   self:  sourced script
 clock   elapsed:              other lines

000.021  000.021: --- NVIM STARTING ---
000.288  000.267: event init
000.543  000.255: early init
000.694  000.151: locale set
000.797  000.103: init first window
001.421  000.623: inits 1
001.455  000.034: window checked
001.459  000.004: parsing arguments
002.356  000.150  000.150: require('vim.shared')
002.583  000.073  000.073: require('vim._meta')
002.587  000.224  000.151: require('vim._editor')
002.590  000.428  000.055: require('vim._init_packages')
002.592  000.705: init lua interpreter
002.644  000.052: expanding arguments
002.705  000.061: inits 2
003.298  000.593: init highlight
003.300  000.003: waiting for UI
004.626  001.325: done waiting for UI
004.668  000.042: clear screen
004.879  000.211: init default mappings
004.902  000.023: init default autocommands
005.954  000.102  000.102: sourcing /usr/share/nvim/runtime/ftplugin.vim
006.102  000.053  000.053: sourcing /usr/share/nvim/runtime/indent.vim
006.178  000.017  000.017: sourcing /usr/share/nvim/archlinux.vim
006.183  000.054  000.037: sourcing /etc/xdg/nvim/sysinit.vim
010.135  000.359  000.359: require('packer.util')
010.206  002.634  002.275: require('packer')
011.649  000.519  000.519: require('packer.log')
011.656  000.791  000.271: require('packer.async')
012.069  000.129  000.129: require('packer.result')
012.074  000.415  000.286: require('packer.jobs')
012.083  001.819  000.614: require('packer.plugin_utils')
012.396  000.302  000.302: require('packer.snapshot')
012.513  000.009  000.009: require('vim.keymap')
014.144  000.010  000.010: require('vim.F')
014.220  001.702  001.692: require('vim.diagnostic')
021.175  006.946  006.946: require('impatient')
021.186  014.934  001.522: require('base')
021.252  000.062  000.062: require('lsp')
022.372  001.117  001.117: require('lsp_binds')
022.535  000.039  000.039: require('leap')
022.649  000.111  000.111: require('leap.user')
022.815  000.435  000.285: require('misc')
023.280  000.022  000.022: require('nvim-tree.iterators.node-iterator')
023.311  000.259  000.237: require('nvim-tree.utils')
023.315  000.286  000.027: require('nvim-tree.events')
023.458  000.045  000.045: require('nvim-tree.log')
023.509  000.049  000.049: require('nvim-tree.git.utils')
023.559  000.049  000.049: require('nvim-tree.git.runner')
023.584  000.024  000.024: require('nvim-tree.watcher')
023.588  000.217  000.051: require('nvim-tree.git')
023.609  000.021  000.021: require('nvim-tree.explorer.watch')
023.627  000.017  000.017: require('nvim-tree.explorer.common')
023.712  000.059  000.059: require('nvim-tree.explorer.node-builders')
023.786  000.073  000.073: require('nvim-tree.explorer.sorters')
023.805  000.018  000.018: require('nvim-tree.explorer.filters')
023.885  000.057  000.057: require('nvim-tree.view')
023.888  000.082  000.025: require('nvim-tree.live-filter')
023.890  000.262  000.030: require('nvim-tree.explorer.explore')
023.909  000.018  000.018: require('nvim-tree.explorer.reload')
023.911  000.595  000.060: require('nvim-tree.explorer')
023.913  000.900  000.019: require('nvim-tree.core')
023.938  000.024  000.024: require('nvim-tree.diagnostics')
023.959  000.020  000.020: require('nvim-tree.renderer.components.padding')
023.982  000.021  000.021: require('nvim-tree.renderer.components.icons')
024.004  000.022  000.022: require('nvim-tree.renderer.components.full-name')
024.022  000.017  000.017: require('nvim-tree.renderer.help')
024.052  000.029  000.029: require('nvim-tree.renderer.components.git')
024.080  000.027  000.027: require('nvim-tree.renderer.builder')
024.101  000.020  000.020: require('nvim-tree.marks')
024.105  001.114  000.035: require('nvim-tree.renderer')
024.127  000.018  000.018: require('nvim-tree.actions.tree-modifiers.collapse-all')
024.143  000.015  000.015: require('nvim-tree.actions.root.dir-up')
024.171  000.026  000.026: require('nvim-tree.actions.root.change-dir')
024.190  000.018  000.018: require('nvim-tree.actions.reloaders.reloaders')
024.209  000.018  000.018: require('nvim-tree.actions.finders.find-file')
024.234  001.281  000.071: require('nvim-tree.lib')
024.262  000.027  000.027: require('nvim-tree.colors')
024.294  000.031  000.031: require('nvim-tree.legacy')
024.323  000.027  000.027: require('nvim-tree.actions.fs.copy-paste')
024.364  000.019  000.019: require('nvim-tree.actions.tree-modifiers.expand-all')
024.381  000.016  000.016: require('nvim-tree.actions.tree-modifiers.toggles')
024.405  000.021  000.021: require('nvim-tree.actions.fs.create-file')
024.428  000.022  000.022: require('nvim-tree.actions.fs.rename-file')
024.460  000.031  000.031: require('nvim-tree.actions.fs.trash')
024.480  000.019  000.019: require('nvim-tree.actions.fs.remove-file')
024.505  000.023  000.023: require('nvim-tree.actions.moves.parent')
024.520  000.014  000.014: require('nvim-tree.actions.moves.sibling')
024.544  000.023  000.023: require('nvim-tree.actions.moves.item')
024.562  000.016  000.016: require('nvim-tree.actions.finders.search-node')
024.577  000.014  000.014: require('nvim-tree.actions.node.run-command')
024.595  000.018  000.018: require('nvim-tree.actions.node.file-popup')
024.616  000.020  000.020: require('nvim-tree.actions.node.system-open')
024.639  000.021  000.021: require('nvim-tree.marks.bulk-move')
024.640  000.316  000.041: require('nvim-tree.actions.dispatch')
024.653  001.807  000.125: require('nvim-tree')
024.988  000.046  000.046: require('vim.inspect')
026.087  000.059  000.059: require('nvim-tree.actions')
026.121  000.029  000.029: require('nvim-tree.actions.node.open-file')
027.074  000.021  000.021: require('nvim-tree.marks.navigation')
027.077  000.065  000.044: require('nvim-tree.api')
027.085  000.105  000.040: require('nvim-tree.keymap')
027.391  000.157  000.157: require('nvim-web-devicons')
029.130  000.056  000.056: require('lualine_require')
029.370  000.376  000.320: require('lualine')
029.785  000.058  000.058: require('lualine.highlight')
032.174  000.083  000.083: require('lualine.utils.mode')
035.594  000.185  000.185: require('lualine.extensions.nerdtree')
035.855  013.039  010.133: require('ui')
035.932  000.071  000.071: require('binds')
035.948  029.738  000.080: sourcing /home/invalid/.config/nvim/init.lua
035.960  001.111: sourcing vimrc file(s)
036.287  000.017  000.017: sourcing /usr/share/vim/vimfiles/ftdetect/PKGBUILD.vim
036.316  000.020  000.020: sourcing /usr/share/vim/vimfiles/ftdetect/meson.vim
036.389  000.327  000.290: sourcing /usr/share/nvim/runtime/filetype.lua
036.596  000.082  000.082: sourcing /usr/share/nvim/runtime/syntax/synload.vim
036.664  000.244  000.161: sourcing /usr/share/nvim/runtime/syntax/syntax.vim
037.125  000.121  000.121: sourcing /usr/share/nvim/runtime/plugin/gzip.vim
037.138  000.005  000.005: sourcing /usr/share/nvim/runtime/plugin/health.vim
037.379  000.110  000.110: sourcing /usr/share/nvim/runtime/pack/dist/opt/matchit/plugin/matchit.vim
037.433  000.288  000.179: sourcing /usr/share/nvim/runtime/plugin/matchit.vim
037.553  000.113  000.113: sourcing /usr/share/nvim/runtime/plugin/matchparen.vim
037.570  000.009  000.009: sourcing /usr/share/nvim/runtime/plugin/netrwPlugin.vim
037.664  000.005  000.005: sourcing /home/invalid/.local/share/nvim/rplugin.vim
037.668  000.093  000.088: sourcing /usr/share/nvim/runtime/plugin/rplugin.vim
037.713  000.039  000.039: sourcing /usr/share/nvim/runtime/plugin/shada.vim
037.735  000.012  000.012: sourcing /usr/share/nvim/runtime/plugin/spellfile.vim
037.807  000.064  000.064: sourcing /usr/share/nvim/runtime/plugin/tarPlugin.vim
037.864  000.047  000.047: sourcing /usr/share/nvim/runtime/plugin/tohtml.vim
037.881  000.009  000.009: sourcing /usr/share/nvim/runtime/plugin/tutor.vim
037.978  000.088  000.088: sourcing /usr/share/nvim/runtime/plugin/zipPlugin.vim
038.368  000.348  000.348: sourcing /usr/share/vim/vimfiles/plugin/fzf.vim
038.637  000.040  000.040: require('Comment')
038.690  000.017  000.017: require('Comment.config')
038.749  000.036  000.036: require('Comment.ft')
038.752  000.060  000.024: require('Comment.utils')
038.768  000.015  000.015: require('Comment.opfunc')
038.798  000.014  000.014: require('Comment.extra')
038.801  000.161  000.054: require('Comment.api')
039.009  000.042  000.042: require('alpha')
039.038  000.027  000.027: require('alpha.themes.dashboard')
039.104  000.040  000.040: require('catppuccin')
040.179  000.608  000.608: sourcing /home/invalid/.local/share/nvim/site/pack/packer/start/catppuccin/colors/catppuccin.lua
040.838  000.039  000.039: require('catppuccin.palettes')
040.864  000.020  000.020: require('catppuccin.palettes.mocha')
041.986  003.575  002.599: sourcing /home/invalid/.config/nvim/plugin/packer_compiled.lua
042.169  000.036  000.036: sourcing /usr/share/nvim/runtime/plugin/man.lua
042.201  000.822: loading rtp plugins
042.396  000.091  000.091: sourcing /home/invalid/.local/share/nvim/site/pack/packer/start/Comment.nvim/plugin/Comment.lua
042.656  000.052  000.052: sourcing /home/invalid/.local/share/nvim/site/pack/packer/start/coc.nvim/autoload/coc/rpc.vim
042.884  000.187  000.187: sourcing /home/invalid/.local/share/nvim/site/pack/packer/start/coc.nvim/autoload/coc/util.vim
043.116  000.114  000.114: sourcing /home/invalid/.local/share/nvim/site/pack/packer/start/coc.nvim/autoload/coc/client.vim
044.825  000.315  000.315: sourcing /home/invalid/.local/share/nvim/site/pack/packer/start/coc.nvim/autoload/coc/highlight.vim
045.303  000.358  000.358: sourcing /home/invalid/.local/share/nvim/site/pack/packer/start/coc.nvim/autoload/coc/color.vim
048.491  005.994  004.968: sourcing /home/invalid/.local/share/nvim/site/pack/packer/start/coc.nvim/plugin/coc.vim
048.932  000.303  000.303: sourcing /home/invalid/.local/share/nvim/site/pack/packer/start/leap.nvim/plugin/init.lua
049.045  000.037  000.037: sourcing /home/invalid/.local/share/nvim/site/pack/packer/start/nvim-web-devicons/plugin/nvim-web-devicons.vim
049.134  000.507: loading packages
049.136  000.002: loading after plugins
049.146  000.010: inits 3
050.136  000.990: reading ShaDa
050.204  000.068: opening buffers
050.282  000.078: BufEnter autocommands
050.284  000.002: editing files in windows
052.174  001.890: VimEnter autocommands
052.181  000.006: UIEnter autocommands
052.413  000.165  000.165: sourcing /usr/share/nvim/runtime/autoload/provider/clipboard.vim
052.421  000.075: before starting main loop
053.451  000.113  000.113: sourcing /home/invalid/.local/share/nvim/site/pack/packer/start/coc.nvim/autoload/coc.vim
053.576  000.074  000.074: sourcing /home/invalid/.local/share/nvim/site/pack/packer/start/coc.nvim/autoload/coc/compat.vim
053.773  001.166: first screen update
053.774  000.001: --- NVIM STARTED ---


times in msec
 clock   self+sourced   self:  sourced script
 clock   elapsed:              other lines

000.015  000.015: --- NVIM STARTING ---
000.167  000.152: event init
000.310  000.143: early init
000.390  000.080: locale set
000.475  000.086: init first window
000.957  000.481: inits 1
000.979  000.023: window checked
000.983  000.003: parsing arguments
001.796  000.139  000.139: require('vim.shared')
002.018  000.072  000.072: require('vim._meta')
002.022  000.219  000.148: require('vim._editor')
002.024  000.426  000.067: require('vim._init_packages')
002.027  000.618: init lua interpreter
002.075  000.048: expanding arguments
002.128  000.053: inits 2
002.732  000.604: init highlight
002.734  000.002: waiting for UI
004.315  001.581: done waiting for UI
004.364  000.049: clear screen
004.578  000.214: init default mappings
004.602  000.024: init default autocommands
005.592  000.097  000.097: sourcing /usr/share/nvim/runtime/ftplugin.vim
005.765  000.057  000.057: sourcing /usr/share/nvim/runtime/indent.vim
005.842  000.021  000.021: sourcing /usr/share/nvim/archlinux.vim
005.847  000.053  000.032: sourcing /etc/xdg/nvim/sysinit.vim
009.795  000.365  000.365: require('packer.util')
009.870  002.633  002.269: require('packer')
010.527  000.190  000.190: require('packer.log')
010.530  000.291  000.101: require('packer.async')
010.720  000.059  000.059: require('packer.result')
010.723  000.191  000.132: require('packer.jobs')
010.727  000.804  000.322: require('packer.plugin_utils')
010.861  000.129  000.129: require('packer.snapshot')
010.909  000.004  000.004: require('vim.keymap')
011.619  000.007  000.007: require('vim.F')
011.651  000.740  000.732: require('vim.diagnostic')
017.104  005.449  005.449: require('impatient')
017.111  011.192  001.432: require('base')
017.145  000.032  000.032: require('lsp')
017.711  000.564  000.564: require('lsp_binds')
017.823  000.085  000.085: require('leap')
017.845  000.020  000.020: require('leap.user')
018.029  000.315  000.211: require('misc')
018.436  000.048  000.048: require('nvim-tree.iterators.node-iterator')
018.467  000.220  000.172: require('nvim-tree.utils')
018.471  000.249  000.029: require('nvim-tree.events')
018.602  000.022  000.022: require('nvim-tree.log')
018.697  000.092  000.092: require('nvim-tree.git.utils')
018.726  000.028  000.028: require('nvim-tree.git.runner')
018.752  000.026  000.026: require('nvim-tree.watcher')
018.756  000.222  000.055: require('nvim-tree.git')
018.787  000.030  000.030: require('nvim-tree.explorer.watch')
018.804  000.017  000.017: require('nvim-tree.explorer.common')
018.842  000.021  000.021: require('nvim-tree.explorer.node-builders')
018.894  000.051  000.051: require('nvim-tree.explorer.sorters')
018.928  000.032  000.032: require('nvim-tree.explorer.filters')
019.018  000.067  000.067: require('nvim-tree.view')
019.021  000.092  000.025: require('nvim-tree.live-filter')
019.022  000.217  000.020: require('nvim-tree.explorer.explore')
019.041  000.018  000.018: require('nvim-tree.explorer.reload')
019.043  000.571  000.067: require('nvim-tree.explorer')
019.045  000.850  000.031: require('nvim-tree.core')
019.072  000.026  000.026: require('nvim-tree.diagnostics')
019.093  000.020  000.020: require('nvim-tree.renderer.components.padding')
019.113  000.019  000.019: require('nvim-tree.renderer.components.icons')
019.134  000.020  000.020: require('nvim-tree.renderer.components.full-name')
019.153  000.018  000.018: require('nvim-tree.renderer.help')
019.183  000.030  000.030: require('nvim-tree.renderer.components.git')
019.212  000.028  000.028: require('nvim-tree.renderer.builder')
019.232  000.019  000.019: require('nvim-tree.marks')
019.237  001.085  000.056: require('nvim-tree.renderer')
019.258  000.016  000.016: require('nvim-tree.actions.tree-modifiers.collapse-all')
019.276  000.017  000.017: require('nvim-tree.actions.root.dir-up')
019.296  000.019  000.019: require('nvim-tree.actions.root.change-dir')
019.314  000.017  000.017: require('nvim-tree.actions.reloaders.reloaders')
019.333  000.018  000.018: require('nvim-tree.actions.finders.find-file')
019.380  001.266  000.092: require('nvim-tree.lib')
019.408  000.027  000.027: require('nvim-tree.colors')
019.454  000.045  000.045: require('nvim-tree.legacy')
019.483  000.028  000.028: require('nvim-tree.actions.fs.copy-paste')
019.522  000.017  000.017: require('nvim-tree.actions.tree-modifiers.expand-all')
019.538  000.016  000.016: require('nvim-tree.actions.tree-modifiers.toggles')
019.558  000.017  000.017: require('nvim-tree.actions.fs.create-file')
019.576  000.017  000.017: require('nvim-tree.actions.fs.rename-file')
019.602  000.025  000.025: require('nvim-tree.actions.fs.trash')
019.629  000.026  000.026: require('nvim-tree.actions.fs.remove-file')
019.645  000.014  000.014: require('nvim-tree.actions.moves.parent')
019.676  000.030  000.030: require('nvim-tree.actions.moves.sibling')
019.700  000.023  000.023: require('nvim-tree.actions.moves.item')
019.720  000.016  000.016: require('nvim-tree.actions.finders.search-node')
019.735  000.014  000.014: require('nvim-tree.actions.node.run-command')
019.753  000.017  000.017: require('nvim-tree.actions.node.file-popup')
019.773  000.020  000.020: require('nvim-tree.actions.node.system-open')
019.791  000.016  000.016: require('nvim-tree.marks.bulk-move')
019.792  000.307  000.038: require('nvim-tree.actions.dispatch')
019.807  001.749  000.077: require('nvim-tree')
020.201  000.055  000.055: require('vim.inspect')
020.994  000.092  000.092: require('nvim-tree.actions')
021.038  000.038  000.038: require('nvim-tree.actions.node.open-file')
021.745  000.022  000.022: require('nvim-tree.marks.navigation')
021.748  000.073  000.050: require('nvim-tree.api')
021.756  000.123  000.050: require('nvim-tree.keymap')
022.101  000.166  000.166: require('nvim-web-devicons')
023.717  000.038  000.038: require('lualine_require')
023.954  000.347  000.308: require('lualine')
024.367  000.065  000.065: require('lualine.highlight')
026.502  000.054  000.054: require('lualine.utils.mode')
028.866  000.022  000.022: require('lualine.extensions.nerdtree')
028.965  010.935  008.223: require('ui')
029.005  000.038  000.038: require('binds')
029.011  023.132  000.055: sourcing /home/invalid/.config/nvim/init.lua
029.016  001.076: sourcing vimrc file(s)
029.236  000.011  000.011: sourcing /usr/share/vim/vimfiles/ftdetect/PKGBUILD.vim
029.262  000.018  000.018: sourcing /usr/share/vim/vimfiles/ftdetect/meson.vim
029.338  000.256  000.227: sourcing /usr/share/nvim/runtime/filetype.lua
029.519  000.078  000.078: sourcing /usr/share/nvim/runtime/syntax/synload.vim
029.598  000.222  000.144: sourcing /usr/share/nvim/runtime/syntax/syntax.vim
030.071  000.106  000.106: sourcing /usr/share/nvim/runtime/plugin/gzip.vim
030.085  000.005  000.005: sourcing /usr/share/nvim/runtime/plugin/health.vim
030.331  000.111  000.111: sourcing /usr/share/nvim/runtime/pack/dist/opt/matchit/plugin/matchit.vim
030.387  000.296  000.184: sourcing /usr/share/nvim/runtime/plugin/matchit.vim
030.488  000.094  000.094: sourcing /usr/share/nvim/runtime/plugin/matchparen.vim
030.504  000.009  000.009: sourcing /usr/share/nvim/runtime/plugin/netrwPlugin.vim
030.591  000.004  000.004: sourcing /home/invalid/.local/share/nvim/rplugin.vim
030.595  000.084  000.080: sourcing /usr/share/nvim/runtime/plugin/rplugin.vim
030.679  000.077  000.077: sourcing /usr/share/nvim/runtime/plugin/shada.vim
030.706  000.014  000.014: sourcing /usr/share/nvim/runtime/plugin/spellfile.vim
030.783  000.068  000.068: sourcing /usr/share/nvim/runtime/plugin/tarPlugin.vim
030.847  000.051  000.051: sourcing /usr/share/nvim/runtime/plugin/tohtml.vim
030.866  000.010  000.010: sourcing /usr/share/nvim/runtime/plugin/tutor.vim
030.971  000.097  000.097: sourcing /usr/share/nvim/runtime/plugin/zipPlugin.vim
031.403  000.383  000.383: sourcing /usr/share/vim/vimfiles/plugin/fzf.vim
031.656  000.028  000.028: require('Comment')
031.711  000.019  000.019: require('Comment.config')
031.775  000.039  000.039: require('Comment.ft')
031.778  000.066  000.027: require('Comment.utils')
031.797  000.018  000.018: require('Comment.opfunc')
031.858  000.038  000.038: require('Comment.extra')
031.861  000.203  000.063: require('Comment.api')
032.024  000.068  000.068: require('alpha')
032.055  000.030  000.030: require('alpha.themes.dashboard')
032.126  000.041  000.041: require('catppuccin')
033.217  000.590  000.590: sourcing /home/invalid/.local/share/nvim/site/pack/packer/start/catppuccin/colors/catppuccin.lua
034.345  000.181  000.181: require('catppuccin.palettes')
034.459  000.090  000.090: require('catppuccin.palettes.mocha')
036.409  004.957  003.726: sourcing /home/invalid/.config/nvim/plugin/packer_compiled.lua
036.674  000.078  000.078: sourcing /usr/share/nvim/runtime/plugin/man.lua
036.714  000.891: loading rtp plugins
037.018  000.175  000.175: sourcing /home/invalid/.local/share/nvim/site/pack/packer/start/Comment.nvim/plugin/Comment.lua
037.284  000.062  000.062: sourcing /home/invalid/.local/share/nvim/site/pack/packer/start/coc.nvim/autoload/coc/rpc.vim
037.560  000.221  000.221: sourcing /home/invalid/.local/share/nvim/site/pack/packer/start/coc.nvim/autoload/coc/util.vim
037.875  000.127  000.127: sourcing /home/invalid/.local/share/nvim/site/pack/packer/start/coc.nvim/autoload/coc/client.vim
039.392  000.307  000.307: sourcing /home/invalid/.local/share/nvim/site/pack/packer/start/coc.nvim/autoload/coc/highlight.vim
039.853  000.345  000.345: sourcing /home/invalid/.local/share/nvim/site/pack/packer/start/coc.nvim/autoload/coc/color.vim
042.946  005.855  004.792: sourcing /home/invalid/.local/share/nvim/site/pack/packer/start/coc.nvim/plugin/coc.vim
043.412  000.336  000.336: sourcing /home/invalid/.local/share/nvim/site/pack/packer/start/leap.nvim/plugin/init.lua
043.522  000.036  000.036: sourcing /home/invalid/.local/share/nvim/site/pack/packer/start/nvim-web-devicons/plugin/nvim-web-devicons.vim
043.611  000.495: loading packages
043.633  000.022: loading after plugins
043.643  000.011: inits 3
044.592  000.949: reading ShaDa
044.663  000.071: opening buffers
044.738  000.075: BufEnter autocommands
044.740  000.002: editing files in windows
046.547  001.807: VimEnter autocommands
046.554  000.007: UIEnter autocommands
046.827  000.174  000.174: sourcing /usr/share/nvim/runtime/autoload/provider/clipboard.vim
046.834  000.105: before starting main loop
047.973  000.103  000.103: sourcing /home/invalid/.local/share/nvim/site/pack/packer/start/coc.nvim/autoload/coc.vim
048.093  000.072  000.072: sourcing /home/invalid/.local/share/nvim/site/pack/packer/start/coc.nvim/autoload/coc/compat.vim
048.287  001.278: first screen update
048.288  000.002: --- NVIM STARTED ---


times in msec
 clock   self+sourced   self:  sourced script
 clock   elapsed:              other lines

000.019  000.019: --- NVIM STARTING ---
000.187  000.168: event init
000.335  000.148: early init
000.422  000.087: locale set
000.492  000.070: init first window
000.985  000.493: inits 1
001.001  000.016: window checked
001.005  000.004: parsing arguments
001.814  000.145  000.145: require('vim.shared')
002.027  000.071  000.071: require('vim._meta')
002.031  000.211  000.140: require('vim._editor')
002.034  000.411  000.055: require('vim._init_packages')
002.037  000.622: init lua interpreter
002.082  000.045: expanding arguments
002.136  000.053: inits 2
002.728  000.592: init highlight
002.731  000.002: waiting for UI
004.076  001.346: done waiting for UI
004.118  000.042: clear screen
004.332  000.213: init default mappings
004.354  000.023: init default autocommands
005.312  000.100  000.100: sourcing /usr/share/nvim/runtime/ftplugin.vim
005.465  000.055  000.055: sourcing /usr/share/nvim/runtime/indent.vim
005.532  000.017  000.017: sourcing /usr/share/nvim/archlinux.vim
005.537  000.045  000.028: sourcing /etc/xdg/nvim/sysinit.vim
010.306  000.637  000.637: require('packer.util')
010.418  003.485  002.848: require('packer')
012.006  000.556  000.556: require('packer.log')
012.014  000.845  000.289: require('packer.async')
012.448  000.136  000.136: require('packer.result')
012.453  000.436  000.300: require('packer.jobs')
012.462  001.965  000.683: require('packer.plugin_utils')
012.792  000.318  000.318: require('packer.snapshot')
012.913  000.009  000.009: require('vim.keymap')
014.561  000.011  000.011: require('vim.F')
014.640  001.722  001.711: require('vim.diagnostic')
019.736  005.088  005.088: require('impatient')
019.750  014.140  001.552: require('base')
019.793  000.041  000.041: require('lsp')
020.771  000.977  000.977: require('lsp_binds')
020.817  000.020  000.020: require('leap')
020.901  000.082  000.082: require('leap.user')
021.131  000.357  000.255: require('misc')
021.628  000.048  000.048: require('nvim-tree.iterators.node-iterator')
021.655  000.242  000.194: require('nvim-tree.utils')
021.660  000.289  000.047: require('nvim-tree.events')
021.742  000.018  000.018: require('nvim-tree.log')
021.773  000.030  000.030: require('nvim-tree.git.utils')
021.794  000.019  000.019: require('nvim-tree.git.runner')
021.838  000.043  000.043: require('nvim-tree.watcher')
021.841  000.151  000.040: require('nvim-tree.git')
021.860  000.018  000.018: require('nvim-tree.explorer.watch')
021.880  000.019  000.019: require('nvim-tree.explorer.common')
021.924  000.029  000.029: require('nvim-tree.explorer.node-builders')
021.943  000.017  000.017: require('nvim-tree.explorer.sorters')
021.958  000.014  000.014: require('nvim-tree.explorer.filters')
022.026  000.048  000.048: require('nvim-tree.view')
022.029  000.071  000.022: require('nvim-tree.live-filter')
022.031  000.150  000.019: require('nvim-tree.explorer.explore')
022.048  000.016  000.016: require('nvim-tree.explorer.reload')
022.049  000.388  000.035: require('nvim-tree.explorer')
022.051  000.703  000.026: require('nvim-tree.core')
022.071  000.019  000.019: require('nvim-tree.diagnostics')
022.088  000.016  000.016: require('nvim-tree.renderer.components.padding')
022.106  000.017  000.017: require('nvim-tree.renderer.components.icons')
022.125  000.017  000.017: require('nvim-tree.renderer.components.full-name')
022.140  000.014  000.014: require('nvim-tree.renderer.help')
022.166  000.026  000.026: require('nvim-tree.renderer.components.git')
022.190  000.023  000.023: require('nvim-tree.renderer.builder')
022.211  000.020  000.020: require('nvim-tree.marks')
022.215  000.896  000.042: require('nvim-tree.renderer')
022.233  000.015  000.015: require('nvim-tree.actions.tree-modifiers.collapse-all')
022.248  000.014  000.014: require('nvim-tree.actions.root.dir-up')
022.266  000.017  000.017: require('nvim-tree.actions.root.change-dir')
022.288  000.021  000.021: require('nvim-tree.actions.reloaders.reloaders')
022.304  000.015  000.015: require('nvim-tree.actions.finders.find-file')
022.330  001.041  000.063: require('nvim-tree.lib')
022.353  000.022  000.022: require('nvim-tree.colors')
022.382  000.028  000.028: require('nvim-tree.legacy')
022.407  000.024  000.024: require('nvim-tree.actions.fs.copy-paste')
022.479  000.052  000.052: require('nvim-tree.actions.tree-modifiers.expand-all')
022.495  000.015  000.015: require('nvim-tree.actions.tree-modifiers.toggles')
022.515  000.018  000.018: require('nvim-tree.actions.fs.create-file')
022.538  000.022  000.022: require('nvim-tree.actions.fs.rename-file')
022.579  000.039  000.039: require('nvim-tree.actions.fs.trash')
022.601  000.021  000.021: require('nvim-tree.actions.fs.remove-file')
022.618  000.016  000.016: require('nvim-tree.actions.moves.parent')
022.647  000.028  000.028: require('nvim-tree.actions.moves.sibling')
022.673  000.024  000.024: require('nvim-tree.actions.moves.item')
022.691  000.016  000.016: require('nvim-tree.actions.finders.search-node')
022.705  000.014  000.014: require('nvim-tree.actions.node.run-command')
022.721  000.015  000.015: require('nvim-tree.actions.node.file-popup')
022.741  000.019  000.019: require('nvim-tree.actions.node.system-open')
022.756  000.014  000.014: require('nvim-tree.marks.bulk-move')
022.758  000.349  000.037: require('nvim-tree.actions.dispatch')
022.771  001.578  000.114: require('nvim-tree')
022.972  000.027  000.027: require('vim.inspect')
023.998  000.049  000.049: require('nvim-tree.actions')
024.026  000.025  000.025: require('nvim-tree.actions.node.open-file')
024.758  000.020  000.020: require('nvim-tree.marks.navigation')
024.761  000.064  000.045: require('nvim-tree.api')
024.769  000.102  000.038: require('nvim-tree.keymap')
025.061  000.143  000.143: require('nvim-web-devicons')
026.897  000.039  000.039: require('lualine_require')
027.132  000.341  000.302: require('lualine')
027.502  000.051  000.051: require('lualine.highlight')
029.793  000.058  000.058: require('lualine.utils.mode')
031.976  000.031  000.031: require('lualine.extensions.nerdtree')
032.137  000.021  000.021: require('vim.fs')
032.161  000.022  000.022: require('bufferline.animate')
032.232  000.018  000.018: require('bufferline.options')
032.249  000.016  000.016: require('bufferline.utils')
032.251  000.053  000.019: require('bufferline.buffer')
032.254  000.073  000.021: require('bufferline.state')
032.256  000.095  000.021: require('bufferline.bbye')
032.273  000.016  000.016: require('bufferline.jump_mode')
032.305  000.016  000.016: require('bufferline.icons')
032.307  000.034  000.017: require('bufferline.layout')
032.382  000.041  000.041: require('bufferline.highlight')
032.390  000.082  000.041: require('bufferline.render')
032.396  000.314  000.045: require('bufferline.api')
032.402  011.269  008.549: require('ui')
032.471  000.068  000.068: require('binds')
032.476  026.912  000.061: sourcing /home/invalid/.config/nvim/init.lua
032.481  001.016: sourcing vimrc file(s)
032.709  000.011  000.011: sourcing /usr/share/vim/vimfiles/ftdetect/PKGBUILD.vim
032.732  000.016  000.016: sourcing /usr/share/vim/vimfiles/ftdetect/meson.vim
032.802  000.253  000.226: sourcing /usr/share/nvim/runtime/filetype.lua
032.953  000.067  000.067: sourcing /usr/share/nvim/runtime/syntax/synload.vim
033.022  000.192  000.125: sourcing /usr/share/nvim/runtime/syntax/syntax.vim
033.465  000.109  000.109: sourcing /usr/share/nvim/runtime/plugin/gzip.vim
033.477  000.004  000.004: sourcing /usr/share/nvim/runtime/plugin/health.vim
033.725  000.114  000.114: sourcing /usr/share/nvim/runtime/pack/dist/opt/matchit/plugin/matchit.vim
033.780  000.298  000.184: sourcing /usr/share/nvim/runtime/plugin/matchit.vim
033.876  000.089  000.089: sourcing /usr/share/nvim/runtime/plugin/matchparen.vim
033.893  000.010  000.010: sourcing /usr/share/nvim/runtime/plugin/netrwPlugin.vim
033.980  000.004  000.004: sourcing /home/invalid/.local/share/nvim/rplugin.vim
033.984  000.086  000.082: sourcing /usr/share/nvim/runtime/plugin/rplugin.vim
034.028  000.039  000.039: sourcing /usr/share/nvim/runtime/plugin/shada.vim
034.073  000.013  000.013: sourcing /usr/share/nvim/runtime/plugin/spellfile.vim
034.145  000.064  000.064: sourcing /usr/share/nvim/runtime/plugin/tarPlugin.vim
034.216  000.059  000.059: sourcing /usr/share/nvim/runtime/plugin/tohtml.vim
034.240  000.012  000.012: sourcing /usr/share/nvim/runtime/plugin/tutor.vim
034.342  000.092  000.092: sourcing /usr/share/nvim/runtime/plugin/zipPlugin.vim
034.826  000.429  000.429: sourcing /usr/share/vim/vimfiles/plugin/fzf.vim
035.091  000.052  000.052: require('catppuccin')
036.230  000.623  000.623: sourcing /home/invalid/.local/share/nvim/site/pack/packer/start/catppuccin/colors/catppuccin.lua
036.852  000.051  000.051: require('catppuccin.palettes')
036.895  000.037  000.037: require('catppuccin.palettes.mocha')
038.300  000.071  000.071: require('alpha')
038.339  000.034  000.034: require('alpha.themes.dashboard')
038.379  000.017  000.017: require('Comment')
038.429  000.017  000.017: require('Comment.config')
038.505  000.052  000.052: require('Comment.ft')
038.508  000.078  000.026: require('Comment.utils')
038.528  000.019  000.019: require('Comment.opfunc')
038.545  000.016  000.016: require('Comment.extra')
038.548  000.168  000.037: require('Comment.api')
038.891  004.013  002.959: sourcing /home/invalid/.config/nvim/plugin/packer_compiled.lua
039.097  000.042  000.042: sourcing /usr/share/nvim/runtime/plugin/man.lua
039.129  000.844: loading rtp plugins
039.425  000.165  000.165: sourcing /home/invalid/.local/share/nvim/site/pack/packer/start/Comment.nvim/plugin/Comment.lua
039.701  000.075  000.075: require('bufferline')
040.321  000.774  000.699: sourcing /home/invalid/.local/share/nvim/site/pack/packer/start/barbar.nvim/plugin/bufferline.lua
040.617  000.063  000.063: sourcing /home/invalid/.local/share/nvim/site/pack/packer/start/coc.nvim/autoload/coc/rpc.vim
040.865  000.204  000.204: sourcing /home/invalid/.local/share/nvim/site/pack/packer/start/coc.nvim/autoload/coc/util.vim
041.127  000.130  000.130: sourcing /home/invalid/.local/share/nvim/site/pack/packer/start/coc.nvim/autoload/coc/client.vim
044.589  000.400  000.400: sourcing /home/invalid/.local/share/nvim/site/pack/packer/start/coc.nvim/autoload/coc/highlight.vim
045.152  000.357  000.357: sourcing /home/invalid/.local/share/nvim/site/pack/packer/start/coc.nvim/autoload/coc/color.vim
048.343  007.927  006.773: sourcing /home/invalid/.local/share/nvim/site/pack/packer/start/coc.nvim/plugin/coc.vim
048.826  000.342  000.342: sourcing /home/invalid/.local/share/nvim/site/pack/packer/start/leap.nvim/plugin/init.lua
048.987  000.057  000.057: sourcing /home/invalid/.local/share/nvim/site/pack/packer/start/nvim-web-devicons/plugin/nvim-web-devicons.vim
049.087  000.693: loading packages
049.090  000.003: loading after plugins
049.102  000.012: inits 3
050.141  001.039: reading ShaDa
050.413  000.272: opening buffers
050.614  000.201: BufEnter autocommands
050.618  000.004: editing files in windows
052.710  002.092: VimEnter autocommands
052.716  000.006: UIEnter autocommands
052.929  000.155  000.155: sourcing /usr/share/nvim/runtime/autoload/provider/clipboard.vim
052.935  000.064: before starting main loop
054.171  000.100  000.100: sourcing /home/invalid/.local/share/nvim/site/pack/packer/start/coc.nvim/autoload/coc.vim
054.298  000.075  000.075: sourcing /home/invalid/.local/share/nvim/site/pack/packer/start/coc.nvim/autoload/coc/compat.vim
054.480  001.370: first screen update
054.481  000.001: --- NVIM STARTED ---
